<?xml version="1.0" encoding="UTF-8"?>
<!-- Generated by org.testng.reporters.JUnitReportReporter -->
<testsuite hostname="DESKTOP-3T3T4VC" failures="0" tests="3" name="TestNGKeyWords.TimeOutUse" time="2.033" errors="0" timestamp="2022-06-23T18:03:33 EDT" skipped="0">
  <testcase classname="TestNGKeyWords.TimeOutUse" name="v" time="0.005"/>
  <system-out>
    <![CDATA[v is running]]>
  </system-out>
  <testcase classname="TestNGKeyWords.TimeOutUse" name="d" time="2.013"/>
  <system-out>
    <![CDATA[d is running]]>
  </system-out>
  <testcase classname="TestNGKeyWords.TimeOutUse" name="a" time="0.015"/>
  <system-out>
    <![CDATA[a is running]]>
  </system-out>
</testsuite> <!-- TestNGKeyWords.TimeOutUse -->
