<?xml version="1.0" encoding="UTF-8"?>
<!-- Generated by org.testng.reporters.JUnitReportReporter -->
<testsuite hostname="DESKTOP-3T3T4VC" failures="0" tests="1" name="ParallelAndSerialExecution.MyClass1" time="23.766" errors="0" timestamp="2022-07-07T18:39:55 EDT" skipped="0">
  <testcase classname="ParallelAndSerialExecution.MyClass1" name="myMethods" time="23.766"/>
  <system-out/>
</testsuite> <!-- ParallelAndSerialExecution.MyClass1 -->
