<?xml version="1.0" encoding="UTF-8"?>
<!-- Generated by org.testng.reporters.JUnitReportReporter -->
<testsuite hostname="DESKTOP-3T3T4VC" failures="0" tests="1" name="KitePOMUsingTestNG.ValidateKiteAppUserName" time="4.637" errors="0" timestamp="2022-07-04T21:42:36 EDT" skipped="0">
  <testcase classname="KitePOMUsingTestNG.ValidateKiteAppUserName" name="validateUserName" time="4.637"/>
  <system-out>
    <![CDATA[Validating UserName
Actual and Expected UN are matching TC PASSED]]>
  </system-out>
</testsuite> <!-- KitePOMUsingTestNG.ValidateKiteAppUserName -->
