<?xml version="1.0" encoding="UTF-8"?>
<!-- Generated by org.testng.reporters.JUnitReportReporter -->
<testsuite hostname="DESKTOP-3T3T4VC" failures="0" tests="3" name="TestNGKeyWords.EnableUse" time="0.024" errors="0" timestamp="2022-06-23T18:00:52 EDT" skipped="1">
  <testcase classname="TestNGKeyWords.EnableUse" name="d" time="0.018"/>
  <system-out>
    <![CDATA[d is running]]>
  </system-out>
  <testcase classname="TestNGKeyWords.EnableUse" name="v" time="0.006"/>
  <system-out>
    <![CDATA[v is running]]>
  </system-out>
  <testcase classname="TestNGKeyWords.EnableUse" name="a">
    <skipped/>
  </testcase> <!-- a -->
  <system-out/>
</testsuite> <!-- TestNGKeyWords.EnableUse -->
