<?xml version="1.0" encoding="UTF-8"?>
<!-- Generated by org.testng.reporters.JUnitReportReporter -->
<testsuite hostname="DESKTOP-3T3T4VC" failures="0" tests="1" name="TestNGStudy.MyTestClass" time="33.401" errors="0" timestamp="2022-06-23T17:04:45 EDT" skipped="0">
  <testcase classname="TestNGStudy.MyTestClass" name="myMethod" time="33.401"/>
  <system-out>
    <![CDATA[Hi,Method is running this is reported output]]>
  </system-out>
</testsuite> <!-- TestNGStudy.MyTestClass -->
