<?xml version="1.0" encoding="UTF-8"?>
<!-- Generated by org.testng.reporters.JUnitReportReporter -->
<testsuite hostname="DESKTOP-3T3T4VC" failures="0" tests="2" name="TestNGKeyWords.MyClassTest2" time="0.005" errors="0" timestamp="2022-06-30T18:34:49 EDT" skipped="0">
  <testcase classname="TestNGKeyWords.MyClassTest2" name="r" time="0.003"/>
  <system-out>
    <![CDATA[r is running sanity]]>
  </system-out>
  <testcase classname="TestNGKeyWords.MyClassTest2" name="p" time="0.002"/>
  <system-out>
    <![CDATA[p is running]]>
  </system-out>
</testsuite> <!-- TestNGKeyWords.MyClassTest2 -->
