<?xml version="1.0" encoding="UTF-8"?>
<!-- Generated by org.testng.reporters.JUnitReportReporter -->
<testsuite hostname="DESKTOP-3T3T4VC" failures="0" tests="1" name="TestNGKeyWords.MyTestClass1" time="0.012" errors="0" timestamp="2022-06-30T18:34:49 EDT" skipped="0">
  <testcase classname="TestNGKeyWords.MyTestClass1" name="c" time="0.012"/>
  <system-out>
    <![CDATA[c is running sanity]]>
  </system-out>
</testsuite> <!-- TestNGKeyWords.MyTestClass1 -->
