<?xml version="1.0" encoding="UTF-8"?>
<!-- Generated by org.testng.reporters.JUnitReportReporter -->
<testsuite hostname="DESKTOP-3T3T4VC" failures="0" tests="2" name="TestNGStudy.MyTestClass1" time="44.875" errors="0" timestamp="2022-06-23T17:04:45 EDT" skipped="0">
  <testcase classname="TestNGStudy.MyTestClass1" name="myMethod" time="17.919"/>
  <system-out/>
  <testcase classname="TestNGStudy.MyTestClass1" name="myMethod1" time="26.956"/>
  <system-out/>
</testsuite> <!-- TestNGStudy.MyTestClass1 -->
