<?xml version="1.0" encoding="UTF-8"?>
<!-- Generated by org.testng.reporters.JUnitReportReporter -->
<testsuite hostname="DESKTOP-3T3T4VC" failures="0" tests="1" name="crossBrowsertest.FirefoxTest" time="27.748" errors="0" timestamp="2022-06-30T18:28:29 EDT" skipped="0">
  <testcase classname="crossBrowsertest.FirefoxTest" name="myMethod" time="27.748"/>
  <system-out/>
</testsuite> <!-- crossBrowsertest.FirefoxTest -->
