<?xml version="1.0" encoding="UTF-8"?>
<!-- Generated by org.testng.reporters.JUnitReportReporter -->
<testsuite hostname="DESKTOP-3T3T4VC" failures="0" tests="3" name="TestNGKeyWords.DependsOnMethodsUse" time="0.018" errors="0" timestamp="2022-06-24T17:05:39 EDT" skipped="0">
  <testcase classname="TestNGKeyWords.DependsOnMethodsUse" name="a" time="0.003"/>
  <system-out>
    <![CDATA[a is running]]>
  </system-out>
  <testcase classname="TestNGKeyWords.DependsOnMethodsUse" name="v" time="0.004"/>
  <system-out>
    <![CDATA[v is running]]>
  </system-out>
  <testcase classname="TestNGKeyWords.DependsOnMethodsUse" name="d" time="0.011"/>
  <system-out>
    <![CDATA[d is running]]>
  </system-out>
</testsuite> <!-- TestNGKeyWords.DependsOnMethodsUse -->
