<?xml version="1.0" encoding="UTF-8"?>
<!-- Generated by org.testng.reporters.JUnitReportReporter -->
<testsuite hostname="DESKTOP-3T3T4VC" failures="0" tests="3" name="TestNGKeyWords.InvocationCountUse" time="0.025" errors="0" timestamp="2022-06-23T17:27:55 EDT" skipped="0">
  <testcase classname="TestNGKeyWords.InvocationCountUse" name="myTest" time="0.007"/>
  <system-out>
    <![CDATA[Hello]]>
  </system-out>
  <testcase classname="TestNGKeyWords.InvocationCountUse" name="myTest" time="0.013"/>
  <system-out>
    <![CDATA[Hello]]>
  </system-out>
  <testcase classname="TestNGKeyWords.InvocationCountUse" name="myTest" time="0.005"/>
  <system-out>
    <![CDATA[Hello]]>
  </system-out>
</testsuite> <!-- TestNGKeyWords.InvocationCountUse -->
