<?xml version="1.0" encoding="UTF-8"?>
<!-- Generated by org.testng.reporters.JUnitReportReporter -->
<testsuite hostname="DESKTOP-3T3T4VC" failures="0" tests="1" name="TestNGStudy.NewTest1" time="18.927" errors="0" timestamp="2022-06-23T17:04:45 EDT" skipped="0">
  <testcase classname="TestNGStudy.NewTest1" name="KiteLogin" time="18.927"/>
  <system-out/>
</testsuite> <!-- TestNGStudy.NewTest1 -->
