<?xml version="1.0" encoding="UTF-8"?>
<!-- Generated by org.testng.reporters.JUnitReportReporter -->
<testsuite hostname="DESKTOP-3T3T4VC" failures="0" tests="2" name="IncludeExclude.MyTestClass" time="0.020" errors="0" timestamp="2022-06-27T23:23:02 EDT" skipped="0">
  <testcase classname="IncludeExclude.MyTestClass" name="v" time="0.004"/>
  <system-out>
    <![CDATA[v is running]]>
  </system-out>
  <testcase classname="IncludeExclude.MyTestClass" name="d" time="0.016"/>
  <system-out>
    <![CDATA[d is running]]>
  </system-out>
</testsuite> <!-- IncludeExclude.MyTestClass -->
