<?xml version="1.0" encoding="UTF-8"?>
<!-- Generated by org.testng.reporters.JUnitReportReporter -->
<testsuite hostname="DESKTOP-3T3T4VC" failures="0" tests="3" name="TestNGKeyWords.PriorityUse" time="0.023" errors="0" timestamp="2022-06-23T17:42:12 EDT" skipped="0">
  <testcase classname="TestNGKeyWords.PriorityUse" name="d" time="0.016"/>
  <system-out>
    <![CDATA[d is running]]>
  </system-out>
  <testcase classname="TestNGKeyWords.PriorityUse" name="v" time="0.003"/>
  <system-out>
    <![CDATA[v is running]]>
  </system-out>
  <testcase classname="TestNGKeyWords.PriorityUse" name="a" time="0.004"/>
  <system-out>
    <![CDATA[a is running]]>
  </system-out>
</testsuite> <!-- TestNGKeyWords.PriorityUse -->
