<?xml version="1.0" encoding="UTF-8"?>
<!-- Generated by org.testng.reporters.JUnitReportReporter -->
<testsuite hostname="DESKTOP-3T3T4VC" failures="0" tests="2" name="TestNGStudy.AnnoTationStudy" time="0.007" errors="0" timestamp="2022-06-23T17:08:50 EDT" skipped="0">
  <testcase classname="TestNGStudy.AnnoTationStudy" name="validateUserID" time="0.003"/>
  <system-out>
    <![CDATA[User ID Validated]]>
  </system-out>
  <testcase classname="TestNGStudy.AnnoTationStudy" name="validateDashboard" time="0.004"/>
  <system-out>
    <![CDATA[DashBoard Validated]]>
  </system-out>
</testsuite> <!-- TestNGStudy.AnnoTationStudy -->
