<?xml version="1.0" encoding="UTF-8"?>
<!-- Generated by org.testng.reporters.JUnitReportReporter -->
<testsuite hostname="DESKTOP-3T3T4VC" failures="0" tests="2" name="IncludeExclude.MyTestClass2" time="0.006" errors="0" timestamp="2022-06-24T17:09:33 EDT" skipped="0">
  <testcase classname="IncludeExclude.MyTestClass2" name="y" time="0.002"/>
  <system-out>
    <![CDATA[y is running]]>
  </system-out>
  <testcase classname="IncludeExclude.MyTestClass2" name="z" time="0.004"/>
  <system-out>
    <![CDATA[z is running]]>
  </system-out>
</testsuite> <!-- IncludeExclude.MyTestClass2 -->
