<?xml version="1.0" encoding="UTF-8"?>
<!-- Generated by org.testng.reporters.JUnitReportReporter -->
<testsuite hostname="DESKTOP-3T3T4VC" failures="0" tests="1" name="TestNGStudy.AnnotationStudyTest1" time="0.009" errors="0" timestamp="2022-06-23T17:08:50 EDT" skipped="0">
  <testcase classname="TestNGStudy.AnnotationStudyTest1" name="rechargeMobile" time="0.009"/>
  <system-out>
    <![CDATA[Recharge done]]>
  </system-out>
</testsuite> <!-- TestNGStudy.AnnotationStudyTest1 -->
